<?xml version="1.0" encoding="UTF-8"?>
<!-- Generated by org.testng.reporters.JUnitReportReporter -->
<testsuite skipped="0" hostname="LAPTOP-BGS5S7GJ" name="com.guo.appium.keyworddriver.KeywordsTests" tests="3" failures="0" timestamp="16 Mar 2020 13:40:35 GMT" time="58.373" errors="0">
  <testcase name="test" time="17.273" classname="com.guo.appium.keyworddriver.KeywordsTests"/>
  <testcase name="test" time="17.945" classname="com.guo.appium.keyworddriver.KeywordsTests"/>
  <testcase name="test" time="23.155" classname="com.guo.appium.keyworddriver.KeywordsTests"/>
</testsuite> <!-- KeywordsTests -->
