<?xml version="1.0" encoding="UTF-8"?>
<!-- Generated by org.testng.reporters.JUnitReportReporter -->
<testsuite skipped="0" hostname="LAPTOP-BGS5S7GJ" name="com.guo.appium.keyworddriver.TestSuiteByExcel" tests="1" failures="0" timestamp="09 一月 2020 12:42:48 GMT" time="33.379" errors="0">
  <testcase name="testTestSuite" time="33.379" classname="com.guo.appium.keyworddriver.TestSuiteByExcel"/>
</testsuite> <!-- TestSuiteByExcel -->
