<?xml version="1.0" encoding="UTF-8"?>
<!-- Generated by org.testng.reporters.JUnitReportReporter -->
<testsuite skipped="0" hostname="LAPTOP-BGS5S7GJ" name="com.testcases.Tests" tests="3" failures="0" timestamp="09 一月 2020 13:27:38 GMT" time="51.679" errors="0">
  <testcase name="test001_login" time="21.357" classname="com.testcases.Tests"/>
  <testcase name="test001_login" time="15.828" classname="com.testcases.Tests"/>
  <testcase name="test001_login" time="14.494" classname="com.testcases.Tests"/>
</testsuite> <!-- com.testcases.Tests -->
